2025-08-25T03:44:58: 
2025-08-25T03:44:58: > vite_react_shadcn_ts@0.0.0 dev
2025-08-25T03:44:58: > vite
2025-08-25T03:44:58: 
2025-08-25T03:44:59: 
2025-08-25T03:44:59:   VITE v5.4.19  ready in 567 ms
2025-08-25T03:44:59: 
2025-08-25T03:44:59:   ➜  Local:   http://localhost:8080/
2025-08-25T03:44:59:   ➜  Network: http://169.254.0.21:8080/
2025-08-25T03:47:27: 3:47:27 AM [vite] .env.local changed, restarting server...
2025-08-25T03:47:27: 3:47:27 AM [vite] server restarted.
2025-08-25T03:47:31: 
2025-08-25T03:47:31: > vite_react_shadcn_ts@0.0.0 dev
2025-08-25T03:47:31: > vite
2025-08-25T03:47:31: 
2025-08-25T03:47:32: 
2025-08-25T03:47:32:   VITE v5.4.19  ready in 471 ms
2025-08-25T03:47:32: 
2025-08-25T03:47:32:   ➜  Local:   http://localhost:8080/
2025-08-25T03:47:32:   ➜  Network: http://169.254.0.21:8080/
2025-08-25T03:49:18: 3:49:18 AM [vite] page reload test-api.html
2025-08-25T03:52:57: 
2025-08-25T03:52:57: > vite_react_shadcn_ts@0.0.0 dev
2025-08-25T03:52:57: > vite
2025-08-25T03:52:57: 
2025-08-25T03:52:58: 
2025-08-25T03:52:58:   VITE v5.4.19  ready in 432 ms
2025-08-25T03:52:58: 
2025-08-25T03:52:58:   ➜  Local:   http://localhost:8080/
2025-08-25T03:52:58:   ➜  Network: http://169.254.0.21:8080/
